<?xml version="1.0" encoding="UTF-8"?>
<testsuite xmlns:xsi="http://www.w3.org/2001/XMLSchema-instance" xsi:noNamespaceSchemaLocation="https://maven.apache.org/surefire/maven-surefire-plugin/xsd/surefire-test-report.xsd" name="com.adactin.runner.TestRunner" time="44.424" tests="57" errors="0" skipped="0" failures="0">
  <properties>
[...]
</properties>
  <testcase name="Given User launch the Adactin application" classname="| AAA | 1111 |" time="0.004"/>
  <testcase name="When User log into the application" classname="| AAA | 1111 |" time="0.001"/>
  <testcase name="Given User launches the application" classname="| AAA | 1111 |" time="0"/>
  <testcase name="When User enters the valid &quot;AAA&quot; in Username field" classname="| AAA | 1111 |" time="0.002"/>
  <testcase name="And User enters the valid &quot;1111&quot; in password field" classname="| AAA | 1111 |" time="0"/>
  <testcase name="And User clicks the Login Button" classname="| AAA | 1111 |" time="0"/>
  <testcase name="Then User verify the SignInPage navigates to the Search Hotel page" classname="| AAA | 1111 |" time="0"/>
  <testcase name="| AAA | 1111 |" classname="| AAA | 1111 |" time="0.002"/>
  <testcase name="Given User launch the Adactin application" classname="| BBBB | 3333 |" time="0"/>
  <testcase name="When User log into the application" classname="| BBBB | 3333 |" time="0.001"/>
  <testcase name="Given User launches the application" classname="| BBBB | 3333 |" time="0"/>
  <testcase name="When User enters the valid &quot;BBBB&quot; in Username field" classname="| BBBB | 3333 |" time="0"/>
  <testcase name="And User enters the valid &quot;3333&quot; in password field" classname="| BBBB | 3333 |" time="0.001"/>
  <testcase name="And User clicks the Login Button" classname="| BBBB | 3333 |" time="0"/>
  <testcase name="Then User verify the SignInPage navigates to the Search Hotel page" classname="| BBBB | 3333 |" time="0.001"/>
  <testcase name="| BBBB | 3333 |" classname="| BBBB | 3333 |" time="0.03"/>
  <testcase name="Given User launch the Adactin application" classname="| sujithaanand | suji@29 |" time="0"/>
  <testcase name="When User log into the application" classname="| sujithaanand | suji@29 |" time="0"/>
  <testcase name="Given User launches the application" classname="| sujithaanand | suji@29 |" time="0"/>
  <testcase name="When User enters the valid &quot;sujithaanand&quot; in Username field" classname="| sujithaanand | suji@29 |" time="0.004"/>
  <testcase name="And User enters the valid &quot;suji@29&quot; in password field" classname="| sujithaanand | suji@29 |" time="0.001"/>
  <testcase name="And User clicks the Login Button" classname="| sujithaanand | suji@29 |" time="0"/>
  <testcase name="Then User verify the SignInPage navigates to the Search Hotel page" classname="| sujithaanand | suji@29 |" time="0"/>
  <testcase name="| sujithaanand | suji@29 |" classname="| sujithaanand | suji@29 |" time="0.001"/>
  <testcase name="Given User launch the Adactin application" classname="Scenario: Verify user is in SearchHotel page" time="0"/>
  <testcase name="When User log into the application" classname="Scenario: Verify user is in SearchHotel page" time="0"/>
  <testcase name="When User selects the &quot;Sydney&quot; as &quot;value&quot; in the Select Location field" classname="Scenario: Verify user is in SearchHotel page" time="0"/>
  <testcase name="And User selects the &quot;Hotel Creek&quot; as &quot;visibletext&quot; in the Select Hotel field" classname="Scenario: Verify user is in SearchHotel page" time="0"/>
  <testcase name="And User selects the room type in the Select Room Type field" classname="Scenario: Verify user is in SearchHotel page" time="0"/>
  <testcase name="And User selects the number of rooms" classname="Scenario: Verify user is in SearchHotel page" time="0.001"/>
  <testcase name="And User selects the check in date" classname="Scenario: Verify user is in SearchHotel page" time="0"/>
  <testcase name="And User selects the check out date" classname="Scenario: Verify user is in SearchHotel page" time="0"/>
  <testcase name="And User enter the adults per Room" classname="Scenario: Verify user is in SearchHotel page" time="0"/>
  <testcase name="And User enter the children per Room" classname="Scenario: Verify user is in SearchHotel page" time="0"/>
  <testcase name="And User clicks on Search button to search for the details" classname="Scenario: Verify user is in SearchHotel page" time="0"/>
  <testcase name="Then User verify the Search Hotel page navigates to Select Hotel page" classname="Scenario: Verify user is in SearchHotel page" time="0"/>
  <testcase name="Scenario: Verify user is in SearchHotel page" classname="Scenario: Verify user is in SearchHotel page" time="0.002"/>
  <testcase name="Given User launch the Adactin application" classname="Scenario: Verify user in Select Hotel page" time="0"/>
  <testcase name="When User log into the application" classname="Scenario: Verify user in Select Hotel page" time="0"/>
  <testcase name="When User clicks on the selected radio button" classname="Scenario: Verify user in Select Hotel page" time="0.002"/>
  <testcase name="And User clicks on continue button" classname="Scenario: Verify user in Select Hotel page" time="0"/>
  <testcase name="Then User Verify the Select Hotel page navigates to  Hotel Confirmation page" classname="Scenario: Verify user in Select Hotel page" time="0"/>
  <testcase name="Scenario: Verify user in Select Hotel page" classname="Scenario: Verify user in Select Hotel page" time="0.004"/>
  <testcase name="Given User launch the Adactin application" classname="Scenario: Verify User is in Hotel Confirmation Page" time="0"/>
  <testcase name="When User log into the application" classname="Scenario: Verify User is in Hotel Confirmation Page" time="0"/>
  <testcase name="When User enters the Firstname" classname="Scenario: Verify User is in Hotel Confirmation Page" time="0"/>
  <testcase name="And User enters the Lastname" classname="Scenario: Verify User is in Hotel Confirmation Page" time="0"/>
  <testcase name="And User enters the Address" classname="Scenario: Verify User is in Hotel Confirmation Page" time="0"/>
  <testcase name="And User enters the Cardno" classname="Scenario: Verify User is in Hotel Confirmation Page" time="0.001"/>
  <testcase name="And User enters the Cardtype" classname="Scenario: Verify User is in Hotel Confirmation Page" time="0"/>
  <testcase name="And User enters the Expirymonth" classname="Scenario: Verify User is in Hotel Confirmation Page" time="0"/>
  <testcase name="And User enters the Expiryyear" classname="Scenario: Verify User is in Hotel Confirmation Page" time="0.001"/>
  <testcase name="And User enters the Cvvnumber" classname="Scenario: Verify User is in Hotel Confirmation Page" time="0.001"/>
  <testcase name="And User enters the Booknow" classname="Scenario: Verify User is in Hotel Confirmation Page" time="0"/>
  <testcase name="Then User checks the booking confirmation in the Booking Confirmation page" classname="Scenario: Verify User is in Hotel Confirmation Page" time="0"/>
  <testcase name="Then User clicks the logout button" classname="Scenario: Verify User is in Hotel Confirmation Page" time="0"/>
  <testcase name="Scenario: Verify User is in Hotel Confirmation Page" classname="Scenario: Verify User is in Hotel Confirmation Page" time="0.007"/>
</testsuite>